<?xml version="1.0" encoding="UTF-8"?>
<!-- Generated by org.testng.reporters.JUnitReportReporter -->
<testsuite hostname="DESKTOP-TJPGGGS" failures="0" tests="2" name="qaclickacademy.Mavenjava.AppiumTest" time="0.011" errors="0" timestamp="2020-12-05T20:52:30 CET" skipped="0">
  <testcase classname="qaclickacademy.Mavenjava.AppiumTest" name="deleteTwitter" time="0.010"/>
  <system-out/>
  <testcase classname="qaclickacademy.Mavenjava.AppiumTest" name="nativeAppAndroid" time="0.001"/>
  <system-out/>
</testsuite> <!-- qaclickacademy.Mavenjava.AppiumTest -->
