<?xml version="1.0" encoding="UTF-8"?>
<!-- Generated by org.testng.reporters.JUnitReportReporter -->
<testsuite skipped="0" hostname="DESKTOP-TJPGGGS" name="qaclickacademy.Mavenjava.AppTest" tests="1" failures="0" timestamp="2020-12-05T22:11:04 CET" time="0.020" errors="0">
  <testcase name="shouldAnswerWithTrue" time="0.020" classname="qaclickacademy.Mavenjava.AppTest"/>
  <system-out/>
</testsuite> <!-- qaclickacademy.Mavenjava.AppTest -->
