<?xml version="1.0" encoding="UTF-8"?>
<!-- Generated by org.testng.reporters.JUnitReportReporter -->
<testsuite skipped="0" hostname="DESKTOP-TJPGGGS" name="Test.day3" tests="3" failures="0" timestamp="2020-12-05T10:57:23 CET" time="0.012" errors="0">
  <testcase name="MobileLoginCarLoan" time="0.003" classname="Test.day3"/>
  <system-out/>
  <testcase name="APILoginCarLoan" time="0.007" classname="Test.day3"/>
  <system-out/>
  <testcase name="MobileaLoginCarLoan" time="0.002" classname="Test.day3"/>
  <system-out/>
</testsuite> <!-- Test.day3 -->
