<?xml version="1.0" encoding="UTF-8"?>
<!-- Generated by org.testng.reporters.JUnitReportReporter -->
<testsuite skipped="0" hostname="DESKTOP-TJPGGGS" name="Test.day2" tests="4" failures="0" timestamp="2020-12-05T10:57:23 CET" time="0.011" errors="0">
  <testcase name="AsiaLubiFrytki" time="0.002" classname="Test.day2"/>
  <system-out/>
  <testcase name="AsiaLubi" time="0.003" classname="Test.day2"/>
  <system-out/>
  <testcase name="AsiaLubiFrytki" time="0.002" classname="Test.day2"/>
  <system-out/>
  <testcase name="AsiaLubiFrytki" time="0.004" classname="Test.day2"/>
  <system-out/>
</testsuite> <!-- Test.day2 -->
