<?xml version="1.0" encoding="UTF-8"?>
<!-- Generated by org.testng.reporters.JUnitReportReporter -->
<testsuite skipped="1" hostname="DESKTOP-TJPGGGS" name="Test.day4" tests="3" failures="0" timestamp="2020-12-05T10:57:23 CET" time="0.002" errors="0">
  <testcase name="APILoginCarLoan" time="0.001" classname="Test.day4"/>
  <system-out/>
  <testcase name="MobileLoginHomeLoan" time="0.001" classname="Test.day4"/>
  <system-out/>
  <testcase name="WebLoginHomeCarLoan" classname="Test.day4">
    <skipped/>
  </testcase> <!-- WebLoginHomeCarLoan -->
  <system-out/>
</testsuite> <!-- Test.day4 -->
